library/build/outputs/mapping/debug/seeds.txt
com.nostra13.universalimageloader.core.listener.ImageLoadingListener
com.nostra13.universalimageloader.core.listener.ImageLoadingListener: void onLoadingStarted(java.lang.String,android.view.View)
com.nostra13.universalimageloader.core.listener.ImageLoadingListener: void onLoadingFailed(java.lang.String,android.view.View,com.nostra13.universalimageloader.core.assist.FailReason)
com.nostra13.universalimageloader.core.listener.ImageLoadingListener: void onLoadingComplete(java.lang.String,android.view.View,android.graphics.Bitmap)
com.nostra13.universalimageloader.core.listener.ImageLoadingListener: void onLoadingCancelled(java.lang.String,android.view.View)
com.nostra13.universalimageloader.core.listener.ImageLoadingProgressListener
com.nostra13.universalimageloader.core.listener.ImageLoadingProgressListener: void onProgressUpdate(java.lang.String,android.view.View,int,int)
com.nostra13.universalimageloader.core.listener.PauseOnScrollListener
com.nostra13.universalimageloader.core.listener.PauseOnScrollListener: com.nostra13.universalimageloader.core.ImageLoader imageLoader
com.nostra13.universalimageloader.core.listener.PauseOnScrollListener: boolean pauseOnScroll
com.nostra13.universalimageloader.core.listener.PauseOnScrollListener: boolean pauseOnFling
com.nostra13.universalimageloader.core.listener.PauseOnScrollListener: android.widget.AbsListView$OnScrollListener externalListener
com.nostra13.universalimageloader.core.listener.PauseOnScrollListener: PauseOnScrollListener(com.nostra13.universalimageloader.core.ImageLoader,boolean,boolean)
com.nostra13.universalimageloader.core.listener.PauseOnScrollListener: PauseOnScrollListener(com.nostra13.universalimageloader.core.ImageLoader,boolean,boolean,android.widget.AbsListView$OnScrollListener)
com.nostra13.universalimageloader.core.listener.PauseOnScrollListener: void onScrollStateChanged(android.widget.AbsListView,int)
com.nostra13.universalimageloader.core.listener.PauseOnScrollListener: void onScroll(android.widget.AbsListView,int,int,int)
com.nostra13.universalimageloader.core.listener.SimpleImageLoadingListener
com.nostra13.universalimageloader.core.listener.SimpleImageLoadingListener: SimpleImageLoadingListener()
com.nostra13.universalimageloader.core.listener.SimpleImageLoadingListener: void onLoadingStarted(java.lang.String,android.view.View)
com.nostra13.universalimageloader.core.listener.SimpleImageLoadingListener: void onLoadingFailed(java.lang.String,android.view.View,com.nostra13.universalimageloader.core.assist.FailReason)
com.nostra13.universalimageloader.core.listener.SimpleImageLoadingListener: void onLoadingComplete(java.lang.String,android.view.View,android.graphics.Bitmap)
com.nostra13.universalimageloader.core.listener.SimpleImageLoadingListener: void onLoadingCancelled(java.lang.String,android.view.View)
com.nostra13.universalimageloader.core.process.BitmapProcessor
com.nostra13.universalimageloader.core.process.BitmapProcessor: android.graphics.Bitmap process(android.graphics.Bitmap)
com.nostra13.universalimageloader.utils.DiskCacheUtils
com.nostra13.universalimageloader.utils.DiskCacheUtils: DiskCacheUtils()
com.nostra13.universalimageloader.utils.DiskCacheUtils: java.io.File findInCache(java.lang.String,com.nostra13.universalimageloader.cache.disc.DiskCache)
com.nostra13.universalimageloader.utils.DiskCacheUtils: boolean removeFromCache(java.lang.String,com.nostra13.universalimageloader.cache.disc.DiskCache)