library/build/outputs/mapping/debug/mapping.txt
com.nostra13.universalimageloader.core.download.BaseImageDownloader$1 -> com.nostra13.universalimageloader.core.download.BaseImageDownloader$1:
    int[] $SwitchMap$com$nostra13$universalimageloader$core$download$ImageDownloader$Scheme -> a
    85:85:void <clinit>() -> <clinit>
com.nostra13.universalimageloader.core.download.ImageDownloader -> com.nostra13.universalimageloader.core.download.ImageDownloader:
    java.io.InputStream getStream(java.lang.String,java.lang.Object) -> getStream
com.nostra13.universalimageloader.core.download.ImageDownloader$Scheme -> com.nostra13.universalimageloader.core.download.ImageDownloader$Scheme:
    com.nostra13.universalimageloader.core.download.ImageDownloader$Scheme HTTP -> HTTP
    com.nostra13.universalimageloader.core.download.ImageDownloader$Scheme HTTPS -> HTTPS
    com.nostra13.universalimageloader.core.download.ImageDownloader$Scheme FILE -> FILE
    com.nostra13.universalimageloader.core.download.ImageDownloader$Scheme CONTENT -> CONTENT
    com.nostra13.universalimageloader.core.download.ImageDownloader$Scheme ASSETS -> ASSETS
    com.nostra13.universalimageloader.core.download.ImageDownloader$Scheme DRAWABLE -> DRAWABLE
    com.nostra13.universalimageloader.core.download.ImageDownloader$Scheme UNKNOWN -> UNKNOWN
    java.lang.String scheme -> scheme
    java.lang.String uriPrefix -> uriPrefix
    com.nostra13.universalimageloader.core.download.ImageDownloader$Scheme[] $VALUES -> $VALUES
    45:45:com.nostra13.universalimageloader.core.download.ImageDownloader$Scheme[] values() -> values
    45:45:com.nostra13.universalimageloader.core.download.ImageDownloader$Scheme valueOf(java.lang.String) -> valueOf
    51:54:void <init>(java.lang.String,int,java.lang.String) -> <init>
    63:70:com.nostra13.universalimageloader.core.download.ImageDownloader$Scheme ofUri(java.lang.String) -> ofUri
    74:74:boolean belongsTo(java.lang.String) -> belongsTo
    79:79:java.lang.String wrap(java.lang.String) -> wrap
com.nostra13.universalimageloader.core.imageaware.ImageAware -> com.nostra13.universalimageloader.core.imageaware.ImageAware:
    int getWidth() -> getWidth
    int getHeight() -> getHeight
    com.nostra13.universalimageloader.core.assist.ViewScaleType getScaleType() -> getScaleType
    android.view.View getWrappedView() -> getWrappedView
    boolean isCollected() -> isCollected
    int getId() -> getId
    boolean setImageDrawable(android.graphics.drawable.Drawable) -> setImageDrawable
    boolean setImageBitmap(android.graphics.Bitmap) -> setImageBitmap
com.nostra13.universalimageloader.core.imageaware.ImageViewAware -> com.nostra13.universalimageloader.core.imageaware.ImageViewAware:
    44:45:void <init>(android.widget.ImageView) -> <init>
    65:66:void <init>(android.widget.ImageView,boolean) -> <init>
    75:82:int getWidth() -> getWidth
    92:99:int getHeight() -> getHeight
    104:108:com.nostra13.universalimageloader.core.assist.ViewScaleType getScaleType() -> getScaleType
    113:113:android.widget.ImageView getWrappedView() -> getWrappedView
    118:122:void setImageDrawableInto(android.graphics.drawable.Drawable,android.view.View) -> setImageDrawableInto
    126:127:void setImageBitmapInto(android.graphics.Bitmap,android.view.View) -> setImageBitmapInto
    130:141:int getImageViewFieldValue(java.lang.Object,java.lang.String) -> getImageViewFieldValue
    35:35:android.view.View getWrappedView() -> getWrappedView